Сборка начата 21.06.2014 18:27:17.
     1>Проект "C:\Users\Andrew\Documents\Proj\encrmfc\encrmfc\encrmfc.vcxproj" в узле 2 (целевые объекты build).
     1>InitializeBuildStatus:
         Создание "Debug\encrmfc.unsuccessfulbuild", так как было задано "AlwaysCreate".
       ClCompile:
         Для всех выходных данных обновления не требуется.
         c:\Program Files (x86)\Microsoft Visual Studio 10.0\VC\bin\CL.exe /c /ZI /nologo /W3 /WX- /Od /Oy- /D WIN32 /D _WINDOWS /D _DEBUG /D _UNICODE /D UNICODE /Gm /EHsc /RTC1 /MTd /GS /fp:precise /Zc:wchar_t /Zc:forScope /Yu"StdAfx.h" /Fp"Debug\encrmfc.pch" /Fo"Debug\\" /Fd"Debug\vc100.pdb" /Gd /TP /analyze- /errorReport:prompt encrmfcDlg.cpp
         encrmfcDlg.cpp
       ResourceCompile:
         Для всех выходных данных обновления не требуется.
       ManifestResourceCompile:
         Для всех выходных данных обновления не требуется.
       Link:
         c:\Program Files (x86)\Microsoft Visual Studio 10.0\VC\bin\link.exe /ERRORREPORT:PROMPT /OUT:"C:\Users\Andrew\Documents\Proj\encrmfc\Debug\encrmfc.exe" /INCREMENTAL /NOLOGO /MANIFEST /ManifestFile:"Debug\encrmfc.exe.intermediate.manifest" /MANIFESTUAC:"level='asInvoker' uiAccess='false'" /DEBUG /PDB:"C:\Users\Andrew\Documents\Proj\encrmfc\Debug\encrmfc.pdb" /SUBSYSTEM:WINDOWS /TLBID:1 /ENTRY:"wWinMainCRTStartup" /DYNAMICBASE /NXCOMPAT /IMPLIB:"C:\Users\Andrew\Documents\Proj\encrmfc\Debug\encrmfc.lib" /MACHINE:X86 Debug\encrmfc.res
         Debug\encrmfc.exe.embed.manifest.res
         Debug\blockspr.obj
         Debug\encrmfc.obj
         Debug\encrmfcDlg.obj
         Debug\stdafx.obj
       Manifest:
         C:\Program Files (x86)\Microsoft SDKs\Windows\v7.0A\bin\mt.exe /nologo /verbose /out:"Debug\encrmfc.exe.embed.manifest" /manifest Debug\encrmfc.exe.intermediate.manifest "c:\Program Files (x86)\Microsoft Visual Studio 10.0\VC\Include\Manifest\dpiaware.manifest"
         Для всех выходных данных обновления не требуется.
       LinkEmbedManifest:
         Для всех выходных данных обновления не требуется.
         encrmfc.vcxproj -> C:\Users\Andrew\Documents\Proj\encrmfc\Debug\encrmfc.exe
       FinalizeBuildStatus:
         Файл "Debug\encrmfc.unsuccessfulbuild" удаляется.
         Обращение к "Debug\encrmfc.lastbuildstate".
     1>Построение проекта "C:\Users\Andrew\Documents\Proj\encrmfc\encrmfc\encrmfc.vcxproj" завершено (целевые объекты build).

Построение успешно завершено.

Затраченное время: 00:00:00.80
